[1.007s] DEBUG:colcon:Command line arguments: ['/usr/bin/colcon', 'build', '--base-paths', 'my_turtlebot']
[1.007s] DEBUG:colcon:Parsed command line arguments: Namespace(log_base=None, log_level=None, verb_name='build', build_base='build', install_base='install', merge_install=False, symlink_install=False, test_result_base=None, continue_on_error=False, executor='parallel', parallel_workers=8, event_handlers=None, ignore_user_meta=False, metas=['./colcon.meta'], base_paths=['my_turtlebot'], packages_ignore=None, packages_ignore_regex=None, paths=None, packages_up_to=None, packages_up_to_regex=None, packages_above=None, packages_above_and_dependencies=None, packages_above_depth=None, packages_select_by_dep=None, packages_skip_by_dep=None, packages_skip_up_to=None, packages_select_build_failed=False, packages_skip_build_finished=False, packages_select_test_failures=False, packages_skip_test_passed=False, packages_select=None, packages_skip=None, packages_select_regex=None, packages_skip_regex=None, packages_start=None, packages_end=None, allow_overriding=[], cmake_args=None, cmake_target=None, cmake_target_skip_unavailable=False, cmake_clean_cache=False, cmake_clean_first=False, cmake_force_configure=False, ament_cmake_args=None, catkin_cmake_args=None, catkin_skip_building_tests=False, verb_parser=<colcon_defaults.argument_parser.defaults.DefaultArgumentsDecorator object at 0x7d576a56eff0>, verb_extension=<colcon_core.verb.build.BuildVerb object at 0x7d576a693e30>, main=<bound method BuildVerb.main of <colcon_core.verb.build.BuildVerb object at 0x7d576a693e30>>)
[1.243s] Level 1:colcon.colcon_core.package_discovery:discover_packages(colcon_meta) check parameters
[1.244s] Level 1:colcon.colcon_core.package_discovery:discover_packages(recursive) check parameters
[1.244s] Level 1:colcon.colcon_core.package_discovery:discover_packages(ignore) check parameters
[1.244s] Level 1:colcon.colcon_core.package_discovery:discover_packages(path) check parameters
[1.245s] Level 1:colcon.colcon_core.package_discovery:discover_packages(recursive) discover
[1.245s] INFO:colcon.colcon_core.package_discovery:Crawling recursively for packages in '/home/aeem/Downloads/robot/my_turtlebot'
[1.246s] Level 1:colcon.colcon_core.package_identification:_identify(my_turtlebot) by extensions ['ignore', 'ignore_ament_install']
[1.246s] Level 1:colcon.colcon_core.package_identification:_identify(my_turtlebot) by extension 'ignore'
[1.247s] Level 1:colcon.colcon_core.package_identification:_identify(my_turtlebot) by extension 'ignore_ament_install'
[1.247s] Level 1:colcon.colcon_core.package_identification:_identify(my_turtlebot) by extensions ['colcon_pkg']
[1.248s] Level 1:colcon.colcon_core.package_identification:_identify(my_turtlebot) by extension 'colcon_pkg'
[1.248s] Level 1:colcon.colcon_core.package_identification:_identify(my_turtlebot) by extensions ['colcon_meta']
[1.248s] Level 1:colcon.colcon_core.package_identification:_identify(my_turtlebot) by extension 'colcon_meta'
[1.249s] Level 1:colcon.colcon_core.package_identification:_identify(my_turtlebot) by extensions ['ros']
[1.249s] Level 1:colcon.colcon_core.package_identification:_identify(my_turtlebot) by extension 'ros'
[1.398s] DEBUG:colcon.colcon_core.package_identification:Package 'my_turtlebot' with type 'ros.ament_python' and name 'my_turtlebot'
[1.399s] Level 1:colcon.colcon_core.package_discovery:discover_packages(recursive) using defaults
[1.493s] Level 1:colcon.colcon_core.package_discovery:discover_packages(prefix_path) check parameters
[1.493s] Level 1:colcon.colcon_core.package_discovery:discover_packages(prefix_path) discover
[1.508s] DEBUG:colcon.colcon_installed_package_information.package_discovery:Found 405 installed packages in /opt/ros/jazzy
[1.512s] Level 1:colcon.colcon_core.package_discovery:discover_packages(prefix_path) using defaults
[1.795s] Level 5:colcon.colcon_core.verb:set package 'my_turtlebot' build argument 'cmake_args' from command line to 'None'
[1.795s] Level 5:colcon.colcon_core.verb:set package 'my_turtlebot' build argument 'cmake_target' from command line to 'None'
[1.795s] Level 5:colcon.colcon_core.verb:set package 'my_turtlebot' build argument 'cmake_target_skip_unavailable' from command line to 'False'
[1.795s] Level 5:colcon.colcon_core.verb:set package 'my_turtlebot' build argument 'cmake_clean_cache' from command line to 'False'
[1.795s] Level 5:colcon.colcon_core.verb:set package 'my_turtlebot' build argument 'cmake_clean_first' from command line to 'False'
[1.796s] Level 5:colcon.colcon_core.verb:set package 'my_turtlebot' build argument 'cmake_force_configure' from command line to 'False'
[1.796s] Level 5:colcon.colcon_core.verb:set package 'my_turtlebot' build argument 'ament_cmake_args' from command line to 'None'
[1.796s] Level 5:colcon.colcon_core.verb:set package 'my_turtlebot' build argument 'catkin_cmake_args' from command line to 'None'
[1.796s] Level 5:colcon.colcon_core.verb:set package 'my_turtlebot' build argument 'catkin_skip_building_tests' from command line to 'False'
[1.796s] DEBUG:colcon.colcon_core.verb:Building package 'my_turtlebot' with the following arguments: {'ament_cmake_args': None, 'build_base': '/home/aeem/Downloads/robot/build/my_turtlebot', 'catkin_cmake_args': None, 'catkin_skip_building_tests': False, 'cmake_args': None, 'cmake_clean_cache': False, 'cmake_clean_first': False, 'cmake_force_configure': False, 'cmake_target': None, 'cmake_target_skip_unavailable': False, 'install_base': '/home/aeem/Downloads/robot/install/my_turtlebot', 'merge_install': False, 'path': '/home/aeem/Downloads/robot/my_turtlebot', 'symlink_install': False, 'test_result_base': None}
[1.797s] INFO:colcon.colcon_core.executor:Executing jobs using 'parallel' executor
[1.799s] DEBUG:colcon.colcon_parallel_executor.executor.parallel:run_until_complete
[1.800s] INFO:colcon.colcon_ros.task.ament_python.build:Building ROS package in '/home/aeem/Downloads/robot/my_turtlebot' with build type 'ament_python'
[1.800s] Level 1:colcon.colcon_core.shell:create_environment_hook('my_turtlebot', 'ament_prefix_path')
[1.820s] INFO:colcon.colcon_core.plugin_system:Skipping extension 'colcon_core.shell.bat': Not used on non-Windows systems
[1.821s] INFO:colcon.colcon_core.shell:Creating environment hook '/home/aeem/Downloads/robot/install/my_turtlebot/share/my_turtlebot/hook/ament_prefix_path.ps1'
[1.824s] INFO:colcon.colcon_core.shell:Creating environment descriptor '/home/aeem/Downloads/robot/install/my_turtlebot/share/my_turtlebot/hook/ament_prefix_path.dsv'
[1.826s] INFO:colcon.colcon_core.shell:Creating environment hook '/home/aeem/Downloads/robot/install/my_turtlebot/share/my_turtlebot/hook/ament_prefix_path.sh'
[1.830s] INFO:colcon.colcon_core.shell:Skip shell extension 'powershell' for command environment: Not usable outside of PowerShell
[1.830s] DEBUG:colcon.colcon_core.shell:Skip shell extension 'dsv' for command environment
[3.225s] WARNING:colcon.colcon_ros.task.ament_python.build:Package 'my_turtlebot' doesn't explicitly install a marker in the package index (colcon-ros currently does it implicitly but that fallback will be removed in the future)
[3.230s] INFO:colcon.colcon_core.task.python.build:Building Python package in '/home/aeem/Downloads/robot/my_turtlebot'
[3.231s] INFO:colcon.colcon_core.shell:Skip shell extension 'powershell' for command environment: Not usable outside of PowerShell
[3.231s] DEBUG:colcon.colcon_core.shell:Skip shell extension 'dsv' for command environment
[7.485s] DEBUG:colcon.colcon_core.event_handler.log_command:Invoking command in '/home/aeem/Downloads/robot/my_turtlebot': DEBUGINFOD_URLS=https://debuginfod.ubuntu.com PYTHONPATH=/home/aeem/Downloads/robot/build/my_turtlebot/prefix_override:/usr/lib/python3/dist-packages/colcon_core/task/python/colcon_distutils_commands:/home/aeem/Downloads/robot/install/my_turtlebot/lib/python3.12/site-packages:${PYTHONPATH} /usr/bin/python3 -W ignore:setup.py install is deprecated -W ignore:easy_install command is deprecated setup.py egg_info --egg-base ../build/my_turtlebot build --build-base /home/aeem/Downloads/robot/build/my_turtlebot/build install --record /home/aeem/Downloads/robot/build/my_turtlebot/install.log --single-version-externally-managed install_data
[11.022s] DEBUG:colcon.colcon_core.event_handler.log_command:Invoked command in '/home/aeem/Downloads/robot/my_turtlebot' returned '0': DEBUGINFOD_URLS=https://debuginfod.ubuntu.com PYTHONPATH=/home/aeem/Downloads/robot/build/my_turtlebot/prefix_override:/usr/lib/python3/dist-packages/colcon_core/task/python/colcon_distutils_commands:/home/aeem/Downloads/robot/install/my_turtlebot/lib/python3.12/site-packages:${PYTHONPATH} /usr/bin/python3 -W ignore:setup.py install is deprecated -W ignore:easy_install command is deprecated setup.py egg_info --egg-base ../build/my_turtlebot build --build-base /home/aeem/Downloads/robot/build/my_turtlebot/build install --record /home/aeem/Downloads/robot/build/my_turtlebot/install.log --single-version-externally-managed install_data
[11.046s] Level 1:colcon.colcon_core.environment:checking '/home/aeem/Downloads/robot/install/my_turtlebot' for CMake module files
[11.049s] Level 1:colcon.colcon_core.environment:checking '/home/aeem/Downloads/robot/install/my_turtlebot' for CMake config files
[11.053s] Level 1:colcon.colcon_core.environment:checking '/home/aeem/Downloads/robot/install/my_turtlebot/lib'
[11.054s] Level 1:colcon.colcon_core.environment:checking '/home/aeem/Downloads/robot/install/my_turtlebot/bin'
[11.054s] Level 1:colcon.colcon_core.environment:checking '/home/aeem/Downloads/robot/install/my_turtlebot/lib/pkgconfig/my_turtlebot.pc'
[11.056s] Level 1:colcon.colcon_core.environment:checking '/home/aeem/Downloads/robot/install/my_turtlebot/lib/python3.12/site-packages'
[11.057s] Level 1:colcon.colcon_core.shell:create_environment_hook('my_turtlebot', 'pythonpath')
[11.058s] INFO:colcon.colcon_core.shell:Creating environment hook '/home/aeem/Downloads/robot/install/my_turtlebot/share/my_turtlebot/hook/pythonpath.ps1'
[11.060s] INFO:colcon.colcon_core.shell:Creating environment descriptor '/home/aeem/Downloads/robot/install/my_turtlebot/share/my_turtlebot/hook/pythonpath.dsv'
[11.063s] INFO:colcon.colcon_core.shell:Creating environment hook '/home/aeem/Downloads/robot/install/my_turtlebot/share/my_turtlebot/hook/pythonpath.sh'
[11.066s] Level 1:colcon.colcon_core.environment:checking '/home/aeem/Downloads/robot/install/my_turtlebot/bin'
[11.067s] Level 1:colcon.colcon_core.environment:create_environment_scripts_only(my_turtlebot)
[11.068s] INFO:colcon.colcon_core.shell:Creating package script '/home/aeem/Downloads/robot/install/my_turtlebot/share/my_turtlebot/package.ps1'
[11.073s] INFO:colcon.colcon_core.shell:Creating package descriptor '/home/aeem/Downloads/robot/install/my_turtlebot/share/my_turtlebot/package.dsv'
[11.076s] INFO:colcon.colcon_core.shell:Creating package script '/home/aeem/Downloads/robot/install/my_turtlebot/share/my_turtlebot/package.sh'
[11.082s] INFO:colcon.colcon_core.shell:Creating package script '/home/aeem/Downloads/robot/install/my_turtlebot/share/my_turtlebot/package.bash'
[11.085s] INFO:colcon.colcon_core.shell:Creating package script '/home/aeem/Downloads/robot/install/my_turtlebot/share/my_turtlebot/package.zsh'
[11.090s] Level 1:colcon.colcon_core.environment:create_file_with_runtime_dependencies(/home/aeem/Downloads/robot/install/my_turtlebot/share/colcon-core/packages/my_turtlebot)
[11.091s] DEBUG:colcon.colcon_parallel_executor.executor.parallel:closing loop
[11.094s] DEBUG:colcon.colcon_parallel_executor.executor.parallel:loop closed
[11.094s] DEBUG:colcon.colcon_parallel_executor.executor.parallel:run_until_complete finished with '0'
[11.095s] DEBUG:colcon.colcon_core.event_reactor:joining thread
[11.135s] INFO:colcon.colcon_core.plugin_system:Skipping extension 'colcon_notification.desktop_notification.terminal_notifier': Not used on non-Darwin systems
[11.136s] INFO:colcon.colcon_core.plugin_system:Skipping extension 'colcon_notification.desktop_notification.win32': Not used on non-Windows systems
[11.136s] INFO:colcon.colcon_notification.desktop_notification:Sending desktop notification using 'notify2'
[11.211s] DEBUG:colcon.colcon_core.event_reactor:joined thread
[11.212s] INFO:colcon.colcon_core.shell:Creating prefix script '/home/aeem/Downloads/robot/install/local_setup.ps1'
[11.218s] INFO:colcon.colcon_core.shell:Creating prefix util module '/home/aeem/Downloads/robot/install/_local_setup_util_ps1.py'
[11.228s] INFO:colcon.colcon_core.shell:Creating prefix chain script '/home/aeem/Downloads/robot/install/setup.ps1'
[11.235s] INFO:colcon.colcon_core.shell:Creating prefix script '/home/aeem/Downloads/robot/install/local_setup.sh'
[11.239s] INFO:colcon.colcon_core.shell:Creating prefix util module '/home/aeem/Downloads/robot/install/_local_setup_util_sh.py'
[11.242s] INFO:colcon.colcon_core.shell:Creating prefix chain script '/home/aeem/Downloads/robot/install/setup.sh'
[11.248s] INFO:colcon.colcon_core.shell:Creating prefix script '/home/aeem/Downloads/robot/install/local_setup.bash'
[11.252s] INFO:colcon.colcon_core.shell:Creating prefix chain script '/home/aeem/Downloads/robot/install/setup.bash'
[11.258s] INFO:colcon.colcon_core.shell:Creating prefix script '/home/aeem/Downloads/robot/install/local_setup.zsh'
[11.261s] INFO:colcon.colcon_core.shell:Creating prefix chain script '/home/aeem/Downloads/robot/install/setup.zsh'
