[0.652s] DEBUG:colcon:Command line arguments: ['/usr/bin/colcon', 'build', '--packages-select', 'my_turtlebot', '--symlink-install']
[0.652s] DEBUG:colcon:Parsed command line arguments: Namespace(log_base=None, log_level=None, verb_name='build', build_base='build', install_base='install', merge_install=False, symlink_install=True, test_result_base=None, continue_on_error=False, executor='parallel', parallel_workers=8, event_handlers=None, ignore_user_meta=False, metas=['./colcon.meta'], base_paths=['.'], packages_ignore=None, packages_ignore_regex=None, paths=None, packages_up_to=None, packages_up_to_regex=None, packages_above=None, packages_above_and_dependencies=None, packages_above_depth=None, packages_select_by_dep=None, packages_skip_by_dep=None, packages_skip_up_to=None, packages_select_build_failed=False, packages_skip_build_finished=False, packages_select_test_failures=False, packages_skip_test_passed=False, packages_select=['my_turtlebot'], packages_skip=None, packages_select_regex=None, packages_skip_regex=None, packages_start=None, packages_end=None, allow_overriding=[], cmake_args=None, cmake_target=None, cmake_target_skip_unavailable=False, cmake_clean_cache=False, cmake_clean_first=False, cmake_force_configure=False, ament_cmake_args=None, catkin_cmake_args=None, catkin_skip_building_tests=False, verb_parser=<colcon_defaults.argument_parser.defaults.DefaultArgumentsDecorator object at 0x735c5ad66840>, verb_extension=<colcon_core.verb.build.BuildVerb object at 0x735c5ae8ac90>, main=<bound method BuildVerb.main of <colcon_core.verb.build.BuildVerb object at 0x735c5ae8ac90>>)
[0.894s] Level 1:colcon.colcon_core.package_discovery:discover_packages(colcon_meta) check parameters
[0.894s] Level 1:colcon.colcon_core.package_discovery:discover_packages(recursive) check parameters
[0.895s] Level 1:colcon.colcon_core.package_discovery:discover_packages(ignore) check parameters
[0.895s] Level 1:colcon.colcon_core.package_discovery:discover_packages(path) check parameters
[0.895s] Level 1:colcon.colcon_core.package_discovery:discover_packages(colcon_meta) discover
[0.895s] Level 1:colcon.colcon_core.package_discovery:discover_packages(recursive) discover
[0.896s] INFO:colcon.colcon_core.package_discovery:Crawling recursively for packages in '/home/aeem/Downloads/robot'
[0.896s] Level 1:colcon.colcon_core.package_identification:_identify(.) by extensions ['ignore', 'ignore_ament_install']
[0.897s] Level 1:colcon.colcon_core.package_identification:_identify(.) by extension 'ignore'
[0.897s] Level 1:colcon.colcon_core.package_identification:_identify(.) by extension 'ignore_ament_install'
[0.897s] Level 1:colcon.colcon_core.package_identification:_identify(.) by extensions ['colcon_pkg']
[0.897s] Level 1:colcon.colcon_core.package_identification:_identify(.) by extension 'colcon_pkg'
[0.898s] Level 1:colcon.colcon_core.package_identification:_identify(.) by extensions ['colcon_meta']
[0.898s] Level 1:colcon.colcon_core.package_identification:_identify(.) by extension 'colcon_meta'
[0.898s] Level 1:colcon.colcon_core.package_identification:_identify(.) by extensions ['ros']
[0.898s] Level 1:colcon.colcon_core.package_identification:_identify(.) by extension 'ros'
[1.032s] Level 1:colcon.colcon_core.package_identification:_identify(.) by extensions ['cmake', 'python']
[1.032s] Level 1:colcon.colcon_core.package_identification:_identify(.) by extension 'cmake'
[1.032s] Level 1:colcon.colcon_core.package_identification:_identify(.) by extension 'python'
[1.033s] Level 1:colcon.colcon_core.package_identification:_identify(.) by extensions ['python_setup_py']
[1.033s] Level 1:colcon.colcon_core.package_identification:_identify(.) by extension 'python_setup_py'
[1.033s] Level 1:colcon.colcon_core.package_identification:_identify(build) by extensions ['ignore', 'ignore_ament_install']
[1.034s] Level 1:colcon.colcon_core.package_identification:_identify(build) by extension 'ignore'
[1.034s] Level 1:colcon.colcon_core.package_identification:_identify(build) ignored
[1.035s] Level 1:colcon.colcon_core.package_identification:_identify(install) by extensions ['ignore', 'ignore_ament_install']
[1.035s] Level 1:colcon.colcon_core.package_identification:_identify(install) by extension 'ignore'
[1.036s] Level 1:colcon.colcon_core.package_identification:_identify(install) ignored
[1.036s] Level 1:colcon.colcon_core.package_identification:_identify(log) by extensions ['ignore', 'ignore_ament_install']
[1.037s] Level 1:colcon.colcon_core.package_identification:_identify(log) by extension 'ignore'
[1.037s] Level 1:colcon.colcon_core.package_identification:_identify(log) ignored
[1.037s] Level 1:colcon.colcon_core.package_identification:_identify(my_turtlebot) by extensions ['ignore', 'ignore_ament_install']
[1.038s] Level 1:colcon.colcon_core.package_identification:_identify(my_turtlebot) by extension 'ignore'
[1.038s] Level 1:colcon.colcon_core.package_identification:_identify(my_turtlebot) by extension 'ignore_ament_install'
[1.039s] Level 1:colcon.colcon_core.package_identification:_identify(my_turtlebot) by extensions ['colcon_pkg']
[1.039s] Level 1:colcon.colcon_core.package_identification:_identify(my_turtlebot) by extension 'colcon_pkg'
[1.039s] Level 1:colcon.colcon_core.package_identification:_identify(my_turtlebot) by extensions ['colcon_meta']
[1.039s] Level 1:colcon.colcon_core.package_identification:_identify(my_turtlebot) by extension 'colcon_meta'
[1.040s] Level 1:colcon.colcon_core.package_identification:_identify(my_turtlebot) by extensions ['ros']
[1.040s] Level 1:colcon.colcon_core.package_identification:_identify(my_turtlebot) by extension 'ros'
[1.062s] DEBUG:colcon.colcon_core.package_identification:Package 'my_turtlebot' with type 'ros.ament_python' and name 'my_turtlebot'
[1.062s] Level 1:colcon.colcon_core.package_discovery:discover_packages(recursive) using defaults
[1.062s] Level 1:colcon.colcon_core.package_discovery:discover_packages(ignore) discover
[1.062s] Level 1:colcon.colcon_core.package_discovery:discover_packages(ignore) using defaults
[1.063s] Level 1:colcon.colcon_core.package_discovery:discover_packages(path) discover
[1.063s] Level 1:colcon.colcon_core.package_discovery:discover_packages(path) using defaults
[1.161s] Level 1:colcon.colcon_core.package_discovery:discover_packages(prefix_path) check parameters
[1.161s] Level 1:colcon.colcon_core.package_discovery:discover_packages(prefix_path) discover
[1.175s] DEBUG:colcon.colcon_installed_package_information.package_discovery:Found 405 installed packages in /opt/ros/jazzy
[1.179s] Level 1:colcon.colcon_core.package_discovery:discover_packages(prefix_path) using defaults
[1.498s] Level 5:colcon.colcon_core.verb:set package 'my_turtlebot' build argument 'cmake_args' from command line to 'None'
[1.498s] Level 5:colcon.colcon_core.verb:set package 'my_turtlebot' build argument 'cmake_target' from command line to 'None'
[1.498s] Level 5:colcon.colcon_core.verb:set package 'my_turtlebot' build argument 'cmake_target_skip_unavailable' from command line to 'False'
[1.498s] Level 5:colcon.colcon_core.verb:set package 'my_turtlebot' build argument 'cmake_clean_cache' from command line to 'False'
[1.498s] Level 5:colcon.colcon_core.verb:set package 'my_turtlebot' build argument 'cmake_clean_first' from command line to 'False'
[1.499s] Level 5:colcon.colcon_core.verb:set package 'my_turtlebot' build argument 'cmake_force_configure' from command line to 'False'
[1.499s] Level 5:colcon.colcon_core.verb:set package 'my_turtlebot' build argument 'ament_cmake_args' from command line to 'None'
[1.499s] Level 5:colcon.colcon_core.verb:set package 'my_turtlebot' build argument 'catkin_cmake_args' from command line to 'None'
[1.499s] Level 5:colcon.colcon_core.verb:set package 'my_turtlebot' build argument 'catkin_skip_building_tests' from command line to 'False'
[1.499s] DEBUG:colcon.colcon_core.verb:Building package 'my_turtlebot' with the following arguments: {'ament_cmake_args': None, 'build_base': '/home/aeem/Downloads/robot/build/my_turtlebot', 'catkin_cmake_args': None, 'catkin_skip_building_tests': False, 'cmake_args': None, 'cmake_clean_cache': False, 'cmake_clean_first': False, 'cmake_force_configure': False, 'cmake_target': None, 'cmake_target_skip_unavailable': False, 'install_base': '/home/aeem/Downloads/robot/install/my_turtlebot', 'merge_install': False, 'path': '/home/aeem/Downloads/robot/my_turtlebot', 'symlink_install': True, 'test_result_base': None}
[1.500s] INFO:colcon.colcon_core.executor:Executing jobs using 'parallel' executor
[1.502s] DEBUG:colcon.colcon_parallel_executor.executor.parallel:run_until_complete
[1.503s] INFO:colcon.colcon_ros.task.ament_python.build:Building ROS package in '/home/aeem/Downloads/robot/my_turtlebot' with build type 'ament_python'
[1.504s] Level 1:colcon.colcon_core.shell:create_environment_hook('my_turtlebot', 'ament_prefix_path')
[1.524s] INFO:colcon.colcon_core.plugin_system:Skipping extension 'colcon_core.shell.bat': Not used on non-Windows systems
[1.525s] INFO:colcon.colcon_core.shell:Creating environment hook '/home/aeem/Downloads/robot/install/my_turtlebot/share/my_turtlebot/hook/ament_prefix_path.ps1'
[1.529s] INFO:colcon.colcon_core.shell:Creating environment descriptor '/home/aeem/Downloads/robot/install/my_turtlebot/share/my_turtlebot/hook/ament_prefix_path.dsv'
[1.532s] INFO:colcon.colcon_core.shell:Creating environment hook '/home/aeem/Downloads/robot/install/my_turtlebot/share/my_turtlebot/hook/ament_prefix_path.sh'
[1.536s] INFO:colcon.colcon_core.shell:Skip shell extension 'powershell' for command environment: Not usable outside of PowerShell
[1.537s] DEBUG:colcon.colcon_core.shell:Skip shell extension 'dsv' for command environment
[2.726s] WARNING:colcon.colcon_ros.task.ament_python.build:Package 'my_turtlebot' doesn't explicitly install a marker in the package index (colcon-ros currently does it implicitly but that fallback will be removed in the future)
[2.727s] INFO:colcon.colcon_core.task.python.build:Building Python package in '/home/aeem/Downloads/robot/my_turtlebot'
[2.728s] INFO:colcon.colcon_core.shell:Skip shell extension 'powershell' for command environment: Not usable outside of PowerShell
[2.729s] DEBUG:colcon.colcon_core.shell:Skip shell extension 'dsv' for command environment
[6.320s] DEBUG:colcon.colcon_core.event_handler.log_command:Invoking command in '/home/aeem/Downloads/robot/build/my_turtlebot': DEBUGINFOD_URLS=https://debuginfod.ubuntu.com PYTHONPATH=/home/aeem/Downloads/robot/build/my_turtlebot/prefix_override:/usr/lib/python3/dist-packages/colcon_core/task/python/colcon_distutils_commands:/home/aeem/Downloads/robot/install/my_turtlebot/lib/python3.12/site-packages:${PYTHONPATH} /usr/bin/python3 -W ignore:setup.py install is deprecated -W ignore:easy_install command is deprecated setup.py develop --editable --build-directory /home/aeem/Downloads/robot/build/my_turtlebot/build --no-deps symlink_data
[9.813s] Level 1:colcon.colcon_core.shell:create_environment_hook('my_turtlebot', 'pythonpath_develop')
[9.814s] INFO:colcon.colcon_core.shell:Creating environment hook '/home/aeem/Downloads/robot/build/my_turtlebot/share/my_turtlebot/hook/pythonpath_develop.ps1'
[9.817s] DEBUG:colcon.colcon_core.event_handler.log_command:Invoked command in '/home/aeem/Downloads/robot/build/my_turtlebot' returned '0': DEBUGINFOD_URLS=https://debuginfod.ubuntu.com PYTHONPATH=/home/aeem/Downloads/robot/build/my_turtlebot/prefix_override:/usr/lib/python3/dist-packages/colcon_core/task/python/colcon_distutils_commands:/home/aeem/Downloads/robot/install/my_turtlebot/lib/python3.12/site-packages:${PYTHONPATH} /usr/bin/python3 -W ignore:setup.py install is deprecated -W ignore:easy_install command is deprecated setup.py develop --editable --build-directory /home/aeem/Downloads/robot/build/my_turtlebot/build --no-deps symlink_data
[9.819s] INFO:colcon.colcon_core.shell:Creating environment descriptor '/home/aeem/Downloads/robot/build/my_turtlebot/share/my_turtlebot/hook/pythonpath_develop.dsv'
[9.820s] INFO:colcon.colcon_core.shell:Creating environment hook '/home/aeem/Downloads/robot/build/my_turtlebot/share/my_turtlebot/hook/pythonpath_develop.sh'
[9.839s] Level 1:colcon.colcon_core.environment:checking '/home/aeem/Downloads/robot/install/my_turtlebot' for CMake module files
[9.842s] Level 1:colcon.colcon_core.environment:checking '/home/aeem/Downloads/robot/install/my_turtlebot' for CMake config files
[9.844s] Level 1:colcon.colcon_core.environment:checking '/home/aeem/Downloads/robot/install/my_turtlebot/lib'
[9.845s] Level 1:colcon.colcon_core.environment:checking '/home/aeem/Downloads/robot/install/my_turtlebot/bin'
[9.845s] Level 1:colcon.colcon_core.environment:checking '/home/aeem/Downloads/robot/install/my_turtlebot/lib/pkgconfig/my_turtlebot.pc'
[9.846s] Level 1:colcon.colcon_core.environment:checking '/home/aeem/Downloads/robot/install/my_turtlebot/lib/python3.12/site-packages'
[9.846s] Level 1:colcon.colcon_core.shell:create_environment_hook('my_turtlebot', 'pythonpath')
[9.847s] INFO:colcon.colcon_core.shell:Creating environment hook '/home/aeem/Downloads/robot/install/my_turtlebot/share/my_turtlebot/hook/pythonpath.ps1'
[9.850s] INFO:colcon.colcon_core.shell:Creating environment descriptor '/home/aeem/Downloads/robot/install/my_turtlebot/share/my_turtlebot/hook/pythonpath.dsv'
[9.851s] INFO:colcon.colcon_core.shell:Creating environment hook '/home/aeem/Downloads/robot/install/my_turtlebot/share/my_turtlebot/hook/pythonpath.sh'
[9.854s] Level 1:colcon.colcon_core.environment:checking '/home/aeem/Downloads/robot/install/my_turtlebot/bin'
[9.855s] Level 1:colcon.colcon_core.environment:create_environment_scripts_only(my_turtlebot)
[9.856s] INFO:colcon.colcon_core.shell:Creating package script '/home/aeem/Downloads/robot/install/my_turtlebot/share/my_turtlebot/package.ps1'
[9.861s] INFO:colcon.colcon_core.shell:Creating package descriptor '/home/aeem/Downloads/robot/install/my_turtlebot/share/my_turtlebot/package.dsv'
[9.864s] INFO:colcon.colcon_core.shell:Creating package script '/home/aeem/Downloads/robot/install/my_turtlebot/share/my_turtlebot/package.sh'
[9.868s] INFO:colcon.colcon_core.shell:Creating package script '/home/aeem/Downloads/robot/install/my_turtlebot/share/my_turtlebot/package.bash'
[9.872s] INFO:colcon.colcon_core.shell:Creating package script '/home/aeem/Downloads/robot/install/my_turtlebot/share/my_turtlebot/package.zsh'
[9.875s] Level 1:colcon.colcon_core.environment:create_file_with_runtime_dependencies(/home/aeem/Downloads/robot/install/my_turtlebot/share/colcon-core/packages/my_turtlebot)
[9.876s] DEBUG:colcon.colcon_parallel_executor.executor.parallel:closing loop
[9.877s] DEBUG:colcon.colcon_parallel_executor.executor.parallel:loop closed
[9.877s] DEBUG:colcon.colcon_parallel_executor.executor.parallel:run_until_complete finished with '0'
[9.878s] DEBUG:colcon.colcon_core.event_reactor:joining thread
[9.902s] INFO:colcon.colcon_core.plugin_system:Skipping extension 'colcon_notification.desktop_notification.terminal_notifier': Not used on non-Darwin systems
[9.902s] INFO:colcon.colcon_core.plugin_system:Skipping extension 'colcon_notification.desktop_notification.win32': Not used on non-Windows systems
[9.902s] INFO:colcon.colcon_notification.desktop_notification:Sending desktop notification using 'notify2'
[9.985s] DEBUG:colcon.colcon_core.event_reactor:joined thread
[9.986s] INFO:colcon.colcon_core.shell:Creating prefix script '/home/aeem/Downloads/robot/install/local_setup.ps1'
[9.990s] INFO:colcon.colcon_core.shell:Creating prefix util module '/home/aeem/Downloads/robot/install/_local_setup_util_ps1.py'
[9.995s] INFO:colcon.colcon_core.shell:Creating prefix chain script '/home/aeem/Downloads/robot/install/setup.ps1'
[9.999s] INFO:colcon.colcon_core.shell:Creating prefix script '/home/aeem/Downloads/robot/install/local_setup.sh'
[10.001s] INFO:colcon.colcon_core.shell:Creating prefix util module '/home/aeem/Downloads/robot/install/_local_setup_util_sh.py'
[10.004s] INFO:colcon.colcon_core.shell:Creating prefix chain script '/home/aeem/Downloads/robot/install/setup.sh'
[10.007s] INFO:colcon.colcon_core.shell:Creating prefix script '/home/aeem/Downloads/robot/install/local_setup.bash'
[10.009s] INFO:colcon.colcon_core.shell:Creating prefix chain script '/home/aeem/Downloads/robot/install/setup.bash'
[10.013s] INFO:colcon.colcon_core.shell:Creating prefix script '/home/aeem/Downloads/robot/install/local_setup.zsh'
[10.015s] INFO:colcon.colcon_core.shell:Creating prefix chain script '/home/aeem/Downloads/robot/install/setup.zsh'
