[7.205s] Invoking command in '/home/aeem/Downloads/robot/my_turtlebot': DEBUGINFOD_URLS=https://debuginfod.ubuntu.com PYTHONPATH=/home/aeem/Downloads/robot/build/my_turtlebot/prefix_override:/usr/lib/python3/dist-packages/colcon_core/task/python/colcon_distutils_commands:/home/aeem/Downloads/robot/install/my_turtlebot/lib/python3.12/site-packages:${PYTHONPATH} /usr/bin/python3 -W ignore:setup.py install is deprecated -W ignore:easy_install command is deprecated setup.py egg_info --egg-base ../build/my_turtlebot build --build-base /home/aeem/Downloads/robot/build/my_turtlebot/build install --record /home/aeem/Downloads/robot/build/my_turtlebot/install.log --single-version-externally-managed install_data
[9.730s] running egg_info
[9.933s] writing ../build/my_turtlebot/my_turtlebot.egg-info/PKG-INFO
[9.934s] writing dependency_links to ../build/my_turtlebot/my_turtlebot.egg-info/dependency_links.txt
[9.935s] writing entry points to ../build/my_turtlebot/my_turtlebot.egg-info/entry_points.txt
[9.935s] writing requirements to ../build/my_turtlebot/my_turtlebot.egg-info/requires.txt
[9.942s] writing top-level names to ../build/my_turtlebot/my_turtlebot.egg-info/top_level.txt
[10.357s] reading manifest file '../build/my_turtlebot/my_turtlebot.egg-info/SOURCES.txt'
[10.364s] writing manifest file '../build/my_turtlebot/my_turtlebot.egg-info/SOURCES.txt'
[10.365s] running build
[10.367s] running build_py
[10.369s] running install
[10.421s] running install_lib
[10.636s] running install_data
[10.637s] running install_egg_info
[10.862s] removing '/home/aeem/Downloads/robot/install/my_turtlebot/lib/python3.12/site-packages/my_turtlebot-0.0.0-py3.12.egg-info' (and everything under it)
[10.863s] Copying ../build/my_turtlebot/my_turtlebot.egg-info to /home/aeem/Downloads/robot/install/my_turtlebot/lib/python3.12/site-packages/my_turtlebot-0.0.0-py3.12.egg-info
[10.869s] running install_scripts
[12.123s] Installing teleop_key script to /home/aeem/Downloads/robot/install/my_turtlebot/lib/my_turtlebot
[12.124s] Installing trajectory script to /home/aeem/Downloads/robot/install/my_turtlebot/lib/my_turtlebot
[12.132s] writing list of installed files to '/home/aeem/Downloads/robot/build/my_turtlebot/install.log'
[12.303s] Invoked command in '/home/aeem/Downloads/robot/my_turtlebot' returned '0': DEBUGINFOD_URLS=https://debuginfod.ubuntu.com PYTHONPATH=/home/aeem/Downloads/robot/build/my_turtlebot/prefix_override:/usr/lib/python3/dist-packages/colcon_core/task/python/colcon_distutils_commands:/home/aeem/Downloads/robot/install/my_turtlebot/lib/python3.12/site-packages:${PYTHONPATH} /usr/bin/python3 -W ignore:setup.py install is deprecated -W ignore:easy_install command is deprecated setup.py egg_info --egg-base ../build/my_turtlebot build --build-base /home/aeem/Downloads/robot/build/my_turtlebot/build install --record /home/aeem/Downloads/robot/build/my_turtlebot/install.log --single-version-externally-managed install_data
