[3.977s] Invoking command in '/home/aeem/Downloads/robot/build/my_turtlebot': DEBUGINFOD_URLS=https://debuginfod.ubuntu.com PYTHONPATH=/home/aeem/Downloads/robot/build/my_turtlebot/prefix_override:/usr/lib/python3/dist-packages/colcon_core/task/python/colcon_distutils_commands:/home/aeem/Downloads/robot/install/my_turtlebot/lib/python3.12/site-packages:${PYTHONPATH} /usr/bin/python3 -W ignore:setup.py install is deprecated -W ignore:easy_install command is deprecated setup.py develop --uninstall --editable --build-directory /home/aeem/Downloads/robot/build/my_turtlebot/build
[5.324s] running develop
[6.426s] Removing /home/aeem/Downloads/robot/install/my_turtlebot/lib/python3.12/site-packages/my-turtlebot.egg-link (link to .)
[6.522s] Invoked command in '/home/aeem/Downloads/robot/build/my_turtlebot' returned '0': DEBUGINFOD_URLS=https://debuginfod.ubuntu.com PYTHONPATH=/home/aeem/Downloads/robot/build/my_turtlebot/prefix_override:/usr/lib/python3/dist-packages/colcon_core/task/python/colcon_distutils_commands:/home/aeem/Downloads/robot/install/my_turtlebot/lib/python3.12/site-packages:${PYTHONPATH} /usr/bin/python3 -W ignore:setup.py install is deprecated -W ignore:easy_install command is deprecated setup.py develop --uninstall --editable --build-directory /home/aeem/Downloads/robot/build/my_turtlebot/build
[6.526s] Invoking command in '/home/aeem/Downloads/robot/my_turtlebot': DEBUGINFOD_URLS=https://debuginfod.ubuntu.com PYTHONPATH=/home/aeem/Downloads/robot/build/my_turtlebot/prefix_override:/usr/lib/python3/dist-packages/colcon_core/task/python/colcon_distutils_commands:/home/aeem/Downloads/robot/install/my_turtlebot/lib/python3.12/site-packages:${PYTHONPATH} /usr/bin/python3 -W ignore:setup.py install is deprecated -W ignore:easy_install command is deprecated setup.py egg_info --egg-base ../build/my_turtlebot build --build-base /home/aeem/Downloads/robot/build/my_turtlebot/build install --record /home/aeem/Downloads/robot/build/my_turtlebot/install.log --single-version-externally-managed install_data --force
[7.701s] running egg_info
[7.792s] writing ../build/my_turtlebot/my_turtlebot.egg-info/PKG-INFO
[7.793s] writing dependency_links to ../build/my_turtlebot/my_turtlebot.egg-info/dependency_links.txt
[7.794s] writing entry points to ../build/my_turtlebot/my_turtlebot.egg-info/entry_points.txt
[7.794s] writing requirements to ../build/my_turtlebot/my_turtlebot.egg-info/requires.txt
[7.795s] writing top-level names to ../build/my_turtlebot/my_turtlebot.egg-info/top_level.txt
[7.984s] reading manifest file '../build/my_turtlebot/my_turtlebot.egg-info/SOURCES.txt'
[7.987s] writing manifest file '../build/my_turtlebot/my_turtlebot.egg-info/SOURCES.txt'
[7.987s] running build
[7.988s] running build_py
[7.988s] copying my_turtlebot/avoid.py -> /home/aeem/Downloads/robot/build/my_turtlebot/build/lib/my_turtlebot
[7.989s] running install
[8.016s] running install_lib
[8.115s] creating /home/aeem/Downloads/robot/install/my_turtlebot/lib/python3.12/site-packages/my_turtlebot
[8.116s] copying /home/aeem/Downloads/robot/build/my_turtlebot/build/lib/my_turtlebot/trajectory.py -> /home/aeem/Downloads/robot/install/my_turtlebot/lib/python3.12/site-packages/my_turtlebot
[8.124s] copying /home/aeem/Downloads/robot/build/my_turtlebot/build/lib/my_turtlebot/teleop_key.py -> /home/aeem/Downloads/robot/install/my_turtlebot/lib/python3.12/site-packages/my_turtlebot
[8.125s] copying /home/aeem/Downloads/robot/build/my_turtlebot/build/lib/my_turtlebot/avoid.py -> /home/aeem/Downloads/robot/install/my_turtlebot/lib/python3.12/site-packages/my_turtlebot
[8.125s] copying /home/aeem/Downloads/robot/build/my_turtlebot/build/lib/my_turtlebot/__init__.py -> /home/aeem/Downloads/robot/install/my_turtlebot/lib/python3.12/site-packages/my_turtlebot
[8.128s] byte-compiling /home/aeem/Downloads/robot/install/my_turtlebot/lib/python3.12/site-packages/my_turtlebot/trajectory.py to trajectory.cpython-312.pyc
[8.132s] byte-compiling /home/aeem/Downloads/robot/install/my_turtlebot/lib/python3.12/site-packages/my_turtlebot/teleop_key.py to teleop_key.cpython-312.pyc
[8.136s] byte-compiling /home/aeem/Downloads/robot/install/my_turtlebot/lib/python3.12/site-packages/my_turtlebot/avoid.py to avoid.cpython-312.pyc
[8.139s] byte-compiling /home/aeem/Downloads/robot/install/my_turtlebot/lib/python3.12/site-packages/my_turtlebot/__init__.py to __init__.cpython-312.pyc
[8.140s] running install_data
[8.140s] copying package.xml -> /home/aeem/Downloads/robot/install/my_turtlebot/share/my_turtlebot
[8.141s] running install_egg_info
[8.254s] Copying ../build/my_turtlebot/my_turtlebot.egg-info to /home/aeem/Downloads/robot/install/my_turtlebot/lib/python3.12/site-packages/my_turtlebot-0.0.0-py3.12.egg-info
[8.266s] running install_scripts
[8.831s] Installing avoid script to /home/aeem/Downloads/robot/install/my_turtlebot/lib/my_turtlebot
[8.831s] Installing teleop_key script to /home/aeem/Downloads/robot/install/my_turtlebot/lib/my_turtlebot
[8.832s] Installing trajectory script to /home/aeem/Downloads/robot/install/my_turtlebot/lib/my_turtlebot
[8.833s] writing list of installed files to '/home/aeem/Downloads/robot/build/my_turtlebot/install.log'
[8.939s] Invoked command in '/home/aeem/Downloads/robot/my_turtlebot' returned '0': DEBUGINFOD_URLS=https://debuginfod.ubuntu.com PYTHONPATH=/home/aeem/Downloads/robot/build/my_turtlebot/prefix_override:/usr/lib/python3/dist-packages/colcon_core/task/python/colcon_distutils_commands:/home/aeem/Downloads/robot/install/my_turtlebot/lib/python3.12/site-packages:${PYTHONPATH} /usr/bin/python3 -W ignore:setup.py install is deprecated -W ignore:easy_install command is deprecated setup.py egg_info --egg-base ../build/my_turtlebot build --build-base /home/aeem/Downloads/robot/build/my_turtlebot/build install --record /home/aeem/Downloads/robot/build/my_turtlebot/install.log --single-version-externally-managed install_data --force
