[4.913s] Invoking command in '/home/aeem/Downloads/robot/build/my_turtlebot': DEBUGINFOD_URLS=https://debuginfod.ubuntu.com PYTHONPATH=/home/aeem/Downloads/robot/build/my_turtlebot/prefix_override:/usr/lib/python3/dist-packages/colcon_core/task/python/colcon_distutils_commands:/home/aeem/Downloads/robot/install/my_turtlebot/lib/python3.12/site-packages: /usr/bin/python3 -W ignore:setup.py install is deprecated -W ignore:easy_install command is deprecated setup.py develop --editable --build-directory /home/aeem/Downloads/robot/build/my_turtlebot/build --no-deps symlink_data --force
[6.681s] running develop
[7.708s] running egg_info
[7.804s] writing my_turtlebot.egg-info/PKG-INFO
[7.806s] writing dependency_links to my_turtlebot.egg-info/dependency_links.txt
[7.809s] writing entry points to my_turtlebot.egg-info/entry_points.txt
[7.813s] writing requirements to my_turtlebot.egg-info/requires.txt
[7.814s] writing top-level names to my_turtlebot.egg-info/top_level.txt
[7.972s] reading manifest file 'my_turtlebot.egg-info/SOURCES.txt'
[7.977s] writing manifest file 'my_turtlebot.egg-info/SOURCES.txt'
[8.064s] running build_ext
[8.069s] Creating /home/aeem/Downloads/robot/install/my_turtlebot/lib/python3.12/site-packages/my-turtlebot.egg-link (link to .)
[8.071s] Installing avoid script to /home/aeem/Downloads/robot/install/my_turtlebot/lib/my_turtlebot
[8.074s] Installing teleop_key script to /home/aeem/Downloads/robot/install/my_turtlebot/lib/my_turtlebot
[8.077s] Installing trajectory script to /home/aeem/Downloads/robot/install/my_turtlebot/lib/my_turtlebot
[8.080s] 
[8.082s] Installed /home/aeem/Downloads/robot/build/my_turtlebot
[8.084s] running symlink_data
[8.087s] symbolically linking /home/aeem/Downloads/robot/build/my_turtlebot/package.xml -> /home/aeem/Downloads/robot/install/my_turtlebot/share/my_turtlebot
[8.279s] Invoked command in '/home/aeem/Downloads/robot/build/my_turtlebot' returned '0': DEBUGINFOD_URLS=https://debuginfod.ubuntu.com PYTHONPATH=/home/aeem/Downloads/robot/build/my_turtlebot/prefix_override:/usr/lib/python3/dist-packages/colcon_core/task/python/colcon_distutils_commands:/home/aeem/Downloads/robot/install/my_turtlebot/lib/python3.12/site-packages: /usr/bin/python3 -W ignore:setup.py install is deprecated -W ignore:easy_install command is deprecated setup.py develop --editable --build-directory /home/aeem/Downloads/robot/build/my_turtlebot/build --no-deps symlink_data --force
