[0.853s] DEBUG:colcon:Command line arguments: ['/usr/bin/colcon', 'build', '--packages-select', 'my_turtlebot', '--symlink-install']
[0.853s] DEBUG:colcon:Parsed command line arguments: Namespace(log_base=None, log_level=None, verb_name='build', build_base='build', install_base='install', merge_install=False, symlink_install=True, test_result_base=None, continue_on_error=False, executor='parallel', parallel_workers=8, event_handlers=None, ignore_user_meta=False, metas=['./colcon.meta'], base_paths=['.'], packages_ignore=None, packages_ignore_regex=None, paths=None, packages_up_to=None, packages_up_to_regex=None, packages_above=None, packages_above_and_dependencies=None, packages_above_depth=None, packages_select_by_dep=None, packages_skip_by_dep=None, packages_skip_up_to=None, packages_select_build_failed=False, packages_skip_build_finished=False, packages_select_test_failures=False, packages_skip_test_passed=False, packages_select=['my_turtlebot'], packages_skip=None, packages_select_regex=None, packages_skip_regex=None, packages_start=None, packages_end=None, allow_overriding=[], cmake_args=None, cmake_target=None, cmake_target_skip_unavailable=False, cmake_clean_cache=False, cmake_clean_first=False, cmake_force_configure=False, ament_cmake_args=None, catkin_cmake_args=None, catkin_skip_building_tests=False, verb_parser=<colcon_defaults.argument_parser.defaults.DefaultArgumentsDecorator object at 0x791c3226a9c0>, verb_extension=<colcon_core.verb.build.BuildVerb object at 0x791c3238f0e0>, main=<bound method BuildVerb.main of <colcon_core.verb.build.BuildVerb object at 0x791c3238f0e0>>)
[1.146s] Level 1:colcon.colcon_core.package_discovery:discover_packages(colcon_meta) check parameters
[1.147s] Level 1:colcon.colcon_core.package_discovery:discover_packages(recursive) check parameters
[1.147s] Level 1:colcon.colcon_core.package_discovery:discover_packages(ignore) check parameters
[1.148s] Level 1:colcon.colcon_core.package_discovery:discover_packages(path) check parameters
[1.148s] Level 1:colcon.colcon_core.package_discovery:discover_packages(colcon_meta) discover
[1.149s] Level 1:colcon.colcon_core.package_discovery:discover_packages(recursive) discover
[1.149s] INFO:colcon.colcon_core.package_discovery:Crawling recursively for packages in '/home/aeem/Downloads/robot'
[1.150s] Level 1:colcon.colcon_core.package_identification:_identify(.) by extensions ['ignore', 'ignore_ament_install']
[1.151s] Level 1:colcon.colcon_core.package_identification:_identify(.) by extension 'ignore'
[1.151s] Level 1:colcon.colcon_core.package_identification:_identify(.) by extension 'ignore_ament_install'
[1.152s] Level 1:colcon.colcon_core.package_identification:_identify(.) by extensions ['colcon_pkg']
[1.152s] Level 1:colcon.colcon_core.package_identification:_identify(.) by extension 'colcon_pkg'
[1.152s] Level 1:colcon.colcon_core.package_identification:_identify(.) by extensions ['colcon_meta']
[1.152s] Level 1:colcon.colcon_core.package_identification:_identify(.) by extension 'colcon_meta'
[1.153s] Level 1:colcon.colcon_core.package_identification:_identify(.) by extensions ['ros']
[1.153s] Level 1:colcon.colcon_core.package_identification:_identify(.) by extension 'ros'
[1.374s] Level 1:colcon.colcon_core.package_identification:_identify(.) by extensions ['cmake', 'python']
[1.375s] Level 1:colcon.colcon_core.package_identification:_identify(.) by extension 'cmake'
[1.376s] Level 1:colcon.colcon_core.package_identification:_identify(.) by extension 'python'
[1.377s] Level 1:colcon.colcon_core.package_identification:_identify(.) by extensions ['python_setup_py']
[1.379s] Level 1:colcon.colcon_core.package_identification:_identify(.) by extension 'python_setup_py'
[1.381s] Level 1:colcon.colcon_core.package_identification:_identify(build) by extensions ['ignore', 'ignore_ament_install']
[1.382s] Level 1:colcon.colcon_core.package_identification:_identify(build) by extension 'ignore'
[1.383s] Level 1:colcon.colcon_core.package_identification:_identify(build) ignored
[1.384s] Level 1:colcon.colcon_core.package_identification:_identify(install) by extensions ['ignore', 'ignore_ament_install']
[1.385s] Level 1:colcon.colcon_core.package_identification:_identify(install) by extension 'ignore'
[1.386s] Level 1:colcon.colcon_core.package_identification:_identify(install) ignored
[1.387s] Level 1:colcon.colcon_core.package_identification:_identify(log) by extensions ['ignore', 'ignore_ament_install']
[1.388s] Level 1:colcon.colcon_core.package_identification:_identify(log) by extension 'ignore'
[1.389s] Level 1:colcon.colcon_core.package_identification:_identify(log) ignored
[1.390s] Level 1:colcon.colcon_core.package_identification:_identify(my_turtlebot) by extensions ['ignore', 'ignore_ament_install']
[1.391s] Level 1:colcon.colcon_core.package_identification:_identify(my_turtlebot) by extension 'ignore'
[1.391s] Level 1:colcon.colcon_core.package_identification:_identify(my_turtlebot) by extension 'ignore_ament_install'
[1.392s] Level 1:colcon.colcon_core.package_identification:_identify(my_turtlebot) by extensions ['colcon_pkg']
[1.392s] Level 1:colcon.colcon_core.package_identification:_identify(my_turtlebot) by extension 'colcon_pkg'
[1.392s] Level 1:colcon.colcon_core.package_identification:_identify(my_turtlebot) by extensions ['colcon_meta']
[1.393s] Level 1:colcon.colcon_core.package_identification:_identify(my_turtlebot) by extension 'colcon_meta'
[1.393s] Level 1:colcon.colcon_core.package_identification:_identify(my_turtlebot) by extensions ['ros']
[1.393s] Level 1:colcon.colcon_core.package_identification:_identify(my_turtlebot) by extension 'ros'
[1.417s] DEBUG:colcon.colcon_core.package_identification:Package 'my_turtlebot' with type 'ros.ament_python' and name 'my_turtlebot'
[1.417s] Level 1:colcon.colcon_core.package_discovery:discover_packages(recursive) using defaults
[1.418s] Level 1:colcon.colcon_core.package_discovery:discover_packages(ignore) discover
[1.418s] Level 1:colcon.colcon_core.package_discovery:discover_packages(ignore) using defaults
[1.419s] Level 1:colcon.colcon_core.package_discovery:discover_packages(path) discover
[1.419s] Level 1:colcon.colcon_core.package_discovery:discover_packages(path) using defaults
[1.555s] Level 1:colcon.colcon_core.package_discovery:discover_packages(prefix_path) check parameters
[1.556s] Level 1:colcon.colcon_core.package_discovery:discover_packages(prefix_path) discover
[1.583s] DEBUG:colcon.colcon_installed_package_information.package_discovery:Found 405 installed packages in /opt/ros/jazzy
[1.591s] Level 1:colcon.colcon_core.package_discovery:discover_packages(prefix_path) using defaults
[2.108s] Level 5:colcon.colcon_core.verb:set package 'my_turtlebot' build argument 'cmake_args' from command line to 'None'
[2.109s] Level 5:colcon.colcon_core.verb:set package 'my_turtlebot' build argument 'cmake_target' from command line to 'None'
[2.109s] Level 5:colcon.colcon_core.verb:set package 'my_turtlebot' build argument 'cmake_target_skip_unavailable' from command line to 'False'
[2.109s] Level 5:colcon.colcon_core.verb:set package 'my_turtlebot' build argument 'cmake_clean_cache' from command line to 'False'
[2.110s] Level 5:colcon.colcon_core.verb:set package 'my_turtlebot' build argument 'cmake_clean_first' from command line to 'False'
[2.110s] Level 5:colcon.colcon_core.verb:set package 'my_turtlebot' build argument 'cmake_force_configure' from command line to 'False'
[2.110s] Level 5:colcon.colcon_core.verb:set package 'my_turtlebot' build argument 'ament_cmake_args' from command line to 'None'
[2.110s] Level 5:colcon.colcon_core.verb:set package 'my_turtlebot' build argument 'catkin_cmake_args' from command line to 'None'
[2.110s] Level 5:colcon.colcon_core.verb:set package 'my_turtlebot' build argument 'catkin_skip_building_tests' from command line to 'False'
[2.111s] DEBUG:colcon.colcon_core.verb:Building package 'my_turtlebot' with the following arguments: {'ament_cmake_args': None, 'build_base': '/home/aeem/Downloads/robot/build/my_turtlebot', 'catkin_cmake_args': None, 'catkin_skip_building_tests': False, 'cmake_args': None, 'cmake_clean_cache': False, 'cmake_clean_first': False, 'cmake_force_configure': False, 'cmake_target': None, 'cmake_target_skip_unavailable': False, 'install_base': '/home/aeem/Downloads/robot/install/my_turtlebot', 'merge_install': False, 'path': '/home/aeem/Downloads/robot/my_turtlebot', 'symlink_install': True, 'test_result_base': None}
[2.111s] INFO:colcon.colcon_core.executor:Executing jobs using 'parallel' executor
[2.116s] DEBUG:colcon.colcon_parallel_executor.executor.parallel:run_until_complete
[2.118s] INFO:colcon.colcon_ros.task.ament_python.build:Building ROS package in '/home/aeem/Downloads/robot/my_turtlebot' with build type 'ament_python'
[2.119s] Level 1:colcon.colcon_core.shell:create_environment_hook('my_turtlebot', 'ament_prefix_path')
[2.133s] INFO:colcon.colcon_core.plugin_system:Skipping extension 'colcon_core.shell.bat': Not used on non-Windows systems
[2.134s] INFO:colcon.colcon_core.shell:Creating environment hook '/home/aeem/Downloads/robot/install/my_turtlebot/share/my_turtlebot/hook/ament_prefix_path.ps1'
[2.139s] INFO:colcon.colcon_core.shell:Creating environment descriptor '/home/aeem/Downloads/robot/install/my_turtlebot/share/my_turtlebot/hook/ament_prefix_path.dsv'
[2.143s] INFO:colcon.colcon_core.shell:Creating environment hook '/home/aeem/Downloads/robot/install/my_turtlebot/share/my_turtlebot/hook/ament_prefix_path.sh'
[2.148s] INFO:colcon.colcon_core.shell:Skip shell extension 'powershell' for command environment: Not usable outside of PowerShell
[2.148s] DEBUG:colcon.colcon_core.shell:Skip shell extension 'dsv' for command environment
[4.020s] WARNING:colcon.colcon_ros.task.ament_python.build:Package 'my_turtlebot' doesn't explicitly install a marker in the package index (colcon-ros currently does it implicitly but that fallback will be removed in the future)
[4.021s] INFO:colcon.colcon_core.task.python.build:Building Python package in '/home/aeem/Downloads/robot/my_turtlebot'
[4.022s] INFO:colcon.colcon_core.shell:Skip shell extension 'powershell' for command environment: Not usable outside of PowerShell
[4.023s] DEBUG:colcon.colcon_core.shell:Skip shell extension 'dsv' for command environment
[9.388s] DEBUG:colcon.colcon_core.event_handler.log_command:Invoking command in '/home/aeem/Downloads/robot/build/my_turtlebot': DEBUGINFOD_URLS=https://debuginfod.ubuntu.com PYTHONPATH=/home/aeem/Downloads/robot/build/my_turtlebot/prefix_override:/usr/lib/python3/dist-packages/colcon_core/task/python/colcon_distutils_commands:/home/aeem/Downloads/robot/install/my_turtlebot/lib/python3.12/site-packages:${PYTHONPATH} /usr/bin/python3 -W ignore:setup.py install is deprecated -W ignore:easy_install command is deprecated setup.py develop --editable --build-directory /home/aeem/Downloads/robot/build/my_turtlebot/build --no-deps symlink_data
[15.520s] Level 1:colcon.colcon_core.shell:create_environment_hook('my_turtlebot', 'pythonpath_develop')
[15.521s] INFO:colcon.colcon_core.shell:Creating environment hook '/home/aeem/Downloads/robot/build/my_turtlebot/share/my_turtlebot/hook/pythonpath_develop.ps1'
[15.525s] DEBUG:colcon.colcon_core.event_handler.log_command:Invoked command in '/home/aeem/Downloads/robot/build/my_turtlebot' returned '0': DEBUGINFOD_URLS=https://debuginfod.ubuntu.com PYTHONPATH=/home/aeem/Downloads/robot/build/my_turtlebot/prefix_override:/usr/lib/python3/dist-packages/colcon_core/task/python/colcon_distutils_commands:/home/aeem/Downloads/robot/install/my_turtlebot/lib/python3.12/site-packages:${PYTHONPATH} /usr/bin/python3 -W ignore:setup.py install is deprecated -W ignore:easy_install command is deprecated setup.py develop --editable --build-directory /home/aeem/Downloads/robot/build/my_turtlebot/build --no-deps symlink_data
[15.532s] INFO:colcon.colcon_core.shell:Creating environment descriptor '/home/aeem/Downloads/robot/build/my_turtlebot/share/my_turtlebot/hook/pythonpath_develop.dsv'
[15.537s] INFO:colcon.colcon_core.shell:Creating environment hook '/home/aeem/Downloads/robot/build/my_turtlebot/share/my_turtlebot/hook/pythonpath_develop.sh'
[15.556s] Level 1:colcon.colcon_core.environment:checking '/home/aeem/Downloads/robot/install/my_turtlebot' for CMake module files
[15.561s] Level 1:colcon.colcon_core.environment:checking '/home/aeem/Downloads/robot/install/my_turtlebot' for CMake config files
[15.566s] Level 1:colcon.colcon_core.environment:checking '/home/aeem/Downloads/robot/install/my_turtlebot/lib'
[15.568s] Level 1:colcon.colcon_core.environment:checking '/home/aeem/Downloads/robot/install/my_turtlebot/bin'
[15.568s] Level 1:colcon.colcon_core.environment:checking '/home/aeem/Downloads/robot/install/my_turtlebot/lib/pkgconfig/my_turtlebot.pc'
[15.570s] Level 1:colcon.colcon_core.environment:checking '/home/aeem/Downloads/robot/install/my_turtlebot/lib/python3.12/site-packages'
[15.571s] Level 1:colcon.colcon_core.shell:create_environment_hook('my_turtlebot', 'pythonpath')
[15.572s] INFO:colcon.colcon_core.shell:Creating environment hook '/home/aeem/Downloads/robot/install/my_turtlebot/share/my_turtlebot/hook/pythonpath.ps1'
[15.576s] INFO:colcon.colcon_core.shell:Creating environment descriptor '/home/aeem/Downloads/robot/install/my_turtlebot/share/my_turtlebot/hook/pythonpath.dsv'
[15.578s] INFO:colcon.colcon_core.shell:Creating environment hook '/home/aeem/Downloads/robot/install/my_turtlebot/share/my_turtlebot/hook/pythonpath.sh'
[15.587s] Level 1:colcon.colcon_core.environment:checking '/home/aeem/Downloads/robot/install/my_turtlebot/bin'
[15.587s] Level 1:colcon.colcon_core.environment:create_environment_scripts_only(my_turtlebot)
[15.589s] INFO:colcon.colcon_core.shell:Creating package script '/home/aeem/Downloads/robot/install/my_turtlebot/share/my_turtlebot/package.ps1'
[15.598s] INFO:colcon.colcon_core.shell:Creating package descriptor '/home/aeem/Downloads/robot/install/my_turtlebot/share/my_turtlebot/package.dsv'
[15.603s] INFO:colcon.colcon_core.shell:Creating package script '/home/aeem/Downloads/robot/install/my_turtlebot/share/my_turtlebot/package.sh'
[15.611s] INFO:colcon.colcon_core.shell:Creating package script '/home/aeem/Downloads/robot/install/my_turtlebot/share/my_turtlebot/package.bash'
[15.616s] INFO:colcon.colcon_core.shell:Creating package script '/home/aeem/Downloads/robot/install/my_turtlebot/share/my_turtlebot/package.zsh'
[15.620s] Level 1:colcon.colcon_core.environment:create_file_with_runtime_dependencies(/home/aeem/Downloads/robot/install/my_turtlebot/share/colcon-core/packages/my_turtlebot)
[15.623s] DEBUG:colcon.colcon_parallel_executor.executor.parallel:closing loop
[15.626s] DEBUG:colcon.colcon_parallel_executor.executor.parallel:loop closed
[15.626s] DEBUG:colcon.colcon_parallel_executor.executor.parallel:run_until_complete finished with '0'
[15.626s] DEBUG:colcon.colcon_core.event_reactor:joining thread
[15.670s] INFO:colcon.colcon_core.plugin_system:Skipping extension 'colcon_notification.desktop_notification.terminal_notifier': Not used on non-Darwin systems
[15.671s] INFO:colcon.colcon_core.plugin_system:Skipping extension 'colcon_notification.desktop_notification.win32': Not used on non-Windows systems
[15.672s] INFO:colcon.colcon_notification.desktop_notification:Sending desktop notification using 'notify2'
[15.769s] DEBUG:colcon.colcon_core.event_reactor:joined thread
[15.771s] INFO:colcon.colcon_core.shell:Creating prefix script '/home/aeem/Downloads/robot/install/local_setup.ps1'
[15.776s] INFO:colcon.colcon_core.shell:Creating prefix util module '/home/aeem/Downloads/robot/install/_local_setup_util_ps1.py'
[15.785s] INFO:colcon.colcon_core.shell:Creating prefix chain script '/home/aeem/Downloads/robot/install/setup.ps1'
[15.791s] INFO:colcon.colcon_core.shell:Creating prefix script '/home/aeem/Downloads/robot/install/local_setup.sh'
[15.795s] INFO:colcon.colcon_core.shell:Creating prefix util module '/home/aeem/Downloads/robot/install/_local_setup_util_sh.py'
[15.799s] INFO:colcon.colcon_core.shell:Creating prefix chain script '/home/aeem/Downloads/robot/install/setup.sh'
[15.807s] INFO:colcon.colcon_core.shell:Creating prefix script '/home/aeem/Downloads/robot/install/local_setup.bash'
[15.813s] INFO:colcon.colcon_core.shell:Creating prefix chain script '/home/aeem/Downloads/robot/install/setup.bash'
[15.821s] INFO:colcon.colcon_core.shell:Creating prefix script '/home/aeem/Downloads/robot/install/local_setup.zsh'
[15.826s] INFO:colcon.colcon_core.shell:Creating prefix chain script '/home/aeem/Downloads/robot/install/setup.zsh'
