running egg_info
creating ../build/my_turtlebot/my_turtlebot.egg-info
writing ../build/my_turtlebot/my_turtlebot.egg-info/PKG-INFO
writing dependency_links to ../build/my_turtlebot/my_turtlebot.egg-info/dependency_links.txt
writing entry points to ../build/my_turtlebot/my_turtlebot.egg-info/entry_points.txt
writing requirements to ../build/my_turtlebot/my_turtlebot.egg-info/requires.txt
writing top-level names to ../build/my_turtlebot/my_turtlebot.egg-info/top_level.txt
writing manifest file '../build/my_turtlebot/my_turtlebot.egg-info/SOURCES.txt'
reading manifest file '../build/my_turtlebot/my_turtlebot.egg-info/SOURCES.txt'
writing manifest file '../build/my_turtlebot/my_turtlebot.egg-info/SOURCES.txt'
running build
running build_py
creating /home/aeem/Downloads/robot/build/my_turtlebot/build
creating /home/aeem/Downloads/robot/build/my_turtlebot/build/lib
creating /home/aeem/Downloads/robot/build/my_turtlebot/build/lib/my_turtlebot
copying my_turtlebot/teleop_key.py -> /home/aeem/Downloads/robot/build/my_turtlebot/build/lib/my_turtlebot
copying my_turtlebot/__init__.py -> /home/aeem/Downloads/robot/build/my_turtlebot/build/lib/my_turtlebot
running install
running install_lib
creating /home/aeem/Downloads/robot/install/my_turtlebot/lib/python3.12/site-packages/my_turtlebot
copying /home/aeem/Downloads/robot/build/my_turtlebot/build/lib/my_turtlebot/teleop_key.py -> /home/aeem/Downloads/robot/install/my_turtlebot/lib/python3.12/site-packages/my_turtlebot
copying /home/aeem/Downloads/robot/build/my_turtlebot/build/lib/my_turtlebot/__init__.py -> /home/aeem/Downloads/robot/install/my_turtlebot/lib/python3.12/site-packages/my_turtlebot
byte-compiling /home/aeem/Downloads/robot/install/my_turtlebot/lib/python3.12/site-packages/my_turtlebot/teleop_key.py to teleop_key.cpython-312.pyc
byte-compiling /home/aeem/Downloads/robot/install/my_turtlebot/lib/python3.12/site-packages/my_turtlebot/__init__.py to __init__.cpython-312.pyc
running install_data
copying package.xml -> /home/aeem/Downloads/robot/install/my_turtlebot/share/my_turtlebot
running install_egg_info
Copying ../build/my_turtlebot/my_turtlebot.egg-info to /home/aeem/Downloads/robot/install/my_turtlebot/lib/python3.12/site-packages/my_turtlebot-0.0.0-py3.12.egg-info
running install_scripts
Installing teleop_key script to /home/aeem/Downloads/robot/install/my_turtlebot/lib/my_turtlebot
writing list of installed files to '/home/aeem/Downloads/robot/build/my_turtlebot/install.log'
