[5.388s] Invoking command in '/home/aeem/Downloads/robot/my_turtlebot': DEBUGINFOD_URLS=https://debuginfod.ubuntu.com PS1=(.venv) \[\e]0;\u@\h: \w\a\]${debian_chroot:+($debian_chroot)}\[\033[01;32m\]\u@\h\[\033[00m\]:\[\033[01;34m\]\w\[\033[00m\]\$ PYTHONPATH=/home/aeem/Downloads/robot/build/my_turtlebot/prefix_override:/usr/lib/python3/dist-packages/colcon_core/task/python/colcon_distutils_commands:/home/aeem/Downloads/robot/install/my_turtlebot/lib/python3.12/site-packages:${PYTHONPATH} /usr/bin/python3 -W ignore:setup.py install is deprecated -W ignore:easy_install command is deprecated setup.py egg_info --egg-base ../build/my_turtlebot build --build-base /home/aeem/Downloads/robot/build/my_turtlebot/build install --record /home/aeem/Downloads/robot/build/my_turtlebot/install.log --single-version-externally-managed install_data
[7.257s] running egg_info
[7.259s] creating ../build/my_turtlebot/my_turtlebot.egg-info
[7.402s] writing ../build/my_turtlebot/my_turtlebot.egg-info/PKG-INFO
[7.403s] writing dependency_links to ../build/my_turtlebot/my_turtlebot.egg-info/dependency_links.txt
[7.406s] writing entry points to ../build/my_turtlebot/my_turtlebot.egg-info/entry_points.txt
[7.407s] writing requirements to ../build/my_turtlebot/my_turtlebot.egg-info/requires.txt
[7.407s] writing top-level names to ../build/my_turtlebot/my_turtlebot.egg-info/top_level.txt
[7.408s] writing manifest file '../build/my_turtlebot/my_turtlebot.egg-info/SOURCES.txt'
[7.706s] reading manifest file '../build/my_turtlebot/my_turtlebot.egg-info/SOURCES.txt'
[7.709s] writing manifest file '../build/my_turtlebot/my_turtlebot.egg-info/SOURCES.txt'
[7.710s] running build
[7.712s] running build_py
[7.713s] creating /home/aeem/Downloads/robot/build/my_turtlebot/build
[7.714s] creating /home/aeem/Downloads/robot/build/my_turtlebot/build/lib
[7.714s] creating /home/aeem/Downloads/robot/build/my_turtlebot/build/lib/my_turtlebot
[7.715s] copying my_turtlebot/teleop_key.py -> /home/aeem/Downloads/robot/build/my_turtlebot/build/lib/my_turtlebot
[7.716s] copying my_turtlebot/__init__.py -> /home/aeem/Downloads/robot/build/my_turtlebot/build/lib/my_turtlebot
[7.716s] running install
[7.753s] running install_lib
[7.912s] creating /home/aeem/Downloads/robot/install/my_turtlebot/lib/python3.12/site-packages/my_turtlebot
[7.913s] copying /home/aeem/Downloads/robot/build/my_turtlebot/build/lib/my_turtlebot/teleop_key.py -> /home/aeem/Downloads/robot/install/my_turtlebot/lib/python3.12/site-packages/my_turtlebot
[7.914s] copying /home/aeem/Downloads/robot/build/my_turtlebot/build/lib/my_turtlebot/__init__.py -> /home/aeem/Downloads/robot/install/my_turtlebot/lib/python3.12/site-packages/my_turtlebot
[7.916s] byte-compiling /home/aeem/Downloads/robot/install/my_turtlebot/lib/python3.12/site-packages/my_turtlebot/teleop_key.py to teleop_key.cpython-312.pyc
[7.923s] byte-compiling /home/aeem/Downloads/robot/install/my_turtlebot/lib/python3.12/site-packages/my_turtlebot/__init__.py to __init__.cpython-312.pyc
[7.924s] running install_data
[7.925s] copying package.xml -> /home/aeem/Downloads/robot/install/my_turtlebot/share/my_turtlebot
[7.926s] running install_egg_info
[8.069s] Copying ../build/my_turtlebot/my_turtlebot.egg-info to /home/aeem/Downloads/robot/install/my_turtlebot/lib/python3.12/site-packages/my_turtlebot-0.0.0-py3.12.egg-info
[8.077s] running install_scripts
[9.050s] Installing teleop_key script to /home/aeem/Downloads/robot/install/my_turtlebot/lib/my_turtlebot
[9.052s] writing list of installed files to '/home/aeem/Downloads/robot/build/my_turtlebot/install.log'
[9.201s] Invoked command in '/home/aeem/Downloads/robot/my_turtlebot' returned '0': DEBUGINFOD_URLS=https://debuginfod.ubuntu.com PS1=(.venv) \[\e]0;\u@\h: \w\a\]${debian_chroot:+($debian_chroot)}\[\033[01;32m\]\u@\h\[\033[00m\]:\[\033[01;34m\]\w\[\033[00m\]\$ PYTHONPATH=/home/aeem/Downloads/robot/build/my_turtlebot/prefix_override:/usr/lib/python3/dist-packages/colcon_core/task/python/colcon_distutils_commands:/home/aeem/Downloads/robot/install/my_turtlebot/lib/python3.12/site-packages:${PYTHONPATH} /usr/bin/python3 -W ignore:setup.py install is deprecated -W ignore:easy_install command is deprecated setup.py egg_info --egg-base ../build/my_turtlebot build --build-base /home/aeem/Downloads/robot/build/my_turtlebot/build install --record /home/aeem/Downloads/robot/build/my_turtlebot/install.log --single-version-externally-managed install_data
