[4.677s] Invoking command in '/home/aeem/Downloads/robot/build/my_turtlebot': DEBUGINFOD_URLS=https://debuginfod.ubuntu.com PYTHONPATH=/home/aeem/Downloads/robot/build/my_turtlebot/prefix_override:/usr/lib/python3/dist-packages/colcon_core/task/python/colcon_distutils_commands:/home/aeem/Downloads/robot/install/my_turtlebot/lib/python3.12/site-packages:${PYTHONPATH} /usr/bin/python3 -W ignore:setup.py install is deprecated -W ignore:easy_install command is deprecated setup.py develop --editable --build-directory /home/aeem/Downloads/robot/build/my_turtlebot/build --no-deps symlink_data --force
[6.356s] running develop
[7.625s] running egg_info
[7.742s] writing my_turtlebot.egg-info/PKG-INFO
[7.743s] writing dependency_links to my_turtlebot.egg-info/dependency_links.txt
[7.744s] writing entry points to my_turtlebot.egg-info/entry_points.txt
[7.745s] writing requirements to my_turtlebot.egg-info/requires.txt
[7.745s] writing top-level names to my_turtlebot.egg-info/top_level.txt
[7.984s] reading manifest file 'my_turtlebot.egg-info/SOURCES.txt'
[7.994s] writing manifest file 'my_turtlebot.egg-info/SOURCES.txt'
[8.116s] running build_ext
[8.117s] Creating /home/aeem/Downloads/robot/install/my_turtlebot/lib/python3.12/site-packages/my-turtlebot.egg-link (link to .)
[8.119s] Installing avoid script to /home/aeem/Downloads/robot/install/my_turtlebot/lib/my_turtlebot
[8.121s] Installing teleop_key script to /home/aeem/Downloads/robot/install/my_turtlebot/lib/my_turtlebot
[8.121s] Installing trajectory script to /home/aeem/Downloads/robot/install/my_turtlebot/lib/my_turtlebot
[8.122s] 
[8.123s] Installed /home/aeem/Downloads/robot/build/my_turtlebot
[8.124s] running symlink_data
[8.124s] symbolically linking /home/aeem/Downloads/robot/build/my_turtlebot/package.xml -> /home/aeem/Downloads/robot/install/my_turtlebot/share/my_turtlebot
[8.258s] Invoked command in '/home/aeem/Downloads/robot/build/my_turtlebot' returned '0': DEBUGINFOD_URLS=https://debuginfod.ubuntu.com PYTHONPATH=/home/aeem/Downloads/robot/build/my_turtlebot/prefix_override:/usr/lib/python3/dist-packages/colcon_core/task/python/colcon_distutils_commands:/home/aeem/Downloads/robot/install/my_turtlebot/lib/python3.12/site-packages:${PYTHONPATH} /usr/bin/python3 -W ignore:setup.py install is deprecated -W ignore:easy_install command is deprecated setup.py develop --editable --build-directory /home/aeem/Downloads/robot/build/my_turtlebot/build --no-deps symlink_data --force
