[0.744s] DEBUG:colcon:Command line arguments: ['/usr/bin/colcon', 'build', '--packages-select', 'my_turtlebot']
[0.745s] DEBUG:colcon:Parsed command line arguments: Namespace(log_base=None, log_level=None, verb_name='build', build_base='build', install_base='install', merge_install=False, symlink_install=False, test_result_base=None, continue_on_error=False, executor='parallel', parallel_workers=8, event_handlers=None, ignore_user_meta=False, metas=['./colcon.meta'], base_paths=['.'], packages_ignore=None, packages_ignore_regex=None, paths=None, packages_up_to=None, packages_up_to_regex=None, packages_above=None, packages_above_and_dependencies=None, packages_above_depth=None, packages_select_by_dep=None, packages_skip_by_dep=None, packages_skip_up_to=None, packages_select_build_failed=False, packages_skip_build_finished=False, packages_select_test_failures=False, packages_skip_test_passed=False, packages_select=['my_turtlebot'], packages_skip=None, packages_select_regex=None, packages_skip_regex=None, packages_start=None, packages_end=None, allow_overriding=[], cmake_args=None, cmake_target=None, cmake_target_skip_unavailable=False, cmake_clean_cache=False, cmake_clean_first=False, cmake_force_configure=False, ament_cmake_args=None, catkin_cmake_args=None, catkin_skip_building_tests=False, verb_parser=<colcon_defaults.argument_parser.defaults.DefaultArgumentsDecorator object at 0x70110754aa50>, verb_extension=<colcon_core.verb.build.BuildVerb object at 0x701107689d60>, main=<bound method BuildVerb.main of <colcon_core.verb.build.BuildVerb object at 0x701107689d60>>)
[1.007s] Level 1:colcon.colcon_core.package_discovery:discover_packages(colcon_meta) check parameters
[1.007s] Level 1:colcon.colcon_core.package_discovery:discover_packages(recursive) check parameters
[1.008s] Level 1:colcon.colcon_core.package_discovery:discover_packages(ignore) check parameters
[1.008s] Level 1:colcon.colcon_core.package_discovery:discover_packages(path) check parameters
[1.008s] Level 1:colcon.colcon_core.package_discovery:discover_packages(colcon_meta) discover
[1.008s] Level 1:colcon.colcon_core.package_discovery:discover_packages(recursive) discover
[1.009s] INFO:colcon.colcon_core.package_discovery:Crawling recursively for packages in '/home/aeem/Downloads/robot'
[1.009s] Level 1:colcon.colcon_core.package_identification:_identify(.) by extensions ['ignore', 'ignore_ament_install']
[1.010s] Level 1:colcon.colcon_core.package_identification:_identify(.) by extension 'ignore'
[1.010s] Level 1:colcon.colcon_core.package_identification:_identify(.) by extension 'ignore_ament_install'
[1.011s] Level 1:colcon.colcon_core.package_identification:_identify(.) by extensions ['colcon_pkg']
[1.011s] Level 1:colcon.colcon_core.package_identification:_identify(.) by extension 'colcon_pkg'
[1.011s] Level 1:colcon.colcon_core.package_identification:_identify(.) by extensions ['colcon_meta']
[1.011s] Level 1:colcon.colcon_core.package_identification:_identify(.) by extension 'colcon_meta'
[1.011s] Level 1:colcon.colcon_core.package_identification:_identify(.) by extensions ['ros']
[1.012s] Level 1:colcon.colcon_core.package_identification:_identify(.) by extension 'ros'
[1.179s] Level 1:colcon.colcon_core.package_identification:_identify(.) by extensions ['cmake', 'python']
[1.179s] Level 1:colcon.colcon_core.package_identification:_identify(.) by extension 'cmake'
[1.180s] Level 1:colcon.colcon_core.package_identification:_identify(.) by extension 'python'
[1.180s] Level 1:colcon.colcon_core.package_identification:_identify(.) by extensions ['python_setup_py']
[1.180s] Level 1:colcon.colcon_core.package_identification:_identify(.) by extension 'python_setup_py'
[1.181s] Level 1:colcon.colcon_core.package_identification:_identify(build) by extensions ['ignore', 'ignore_ament_install']
[1.182s] Level 1:colcon.colcon_core.package_identification:_identify(build) by extension 'ignore'
[1.182s] Level 1:colcon.colcon_core.package_identification:_identify(build) ignored
[1.183s] Level 1:colcon.colcon_core.package_identification:_identify(install) by extensions ['ignore', 'ignore_ament_install']
[1.184s] Level 1:colcon.colcon_core.package_identification:_identify(install) by extension 'ignore'
[1.185s] Level 1:colcon.colcon_core.package_identification:_identify(install) ignored
[1.185s] Level 1:colcon.colcon_core.package_identification:_identify(log) by extensions ['ignore', 'ignore_ament_install']
[1.186s] Level 1:colcon.colcon_core.package_identification:_identify(log) by extension 'ignore'
[1.186s] Level 1:colcon.colcon_core.package_identification:_identify(log) ignored
[1.187s] Level 1:colcon.colcon_core.package_identification:_identify(my_turtlebot) by extensions ['ignore', 'ignore_ament_install']
[1.187s] Level 1:colcon.colcon_core.package_identification:_identify(my_turtlebot) by extension 'ignore'
[1.188s] Level 1:colcon.colcon_core.package_identification:_identify(my_turtlebot) by extension 'ignore_ament_install'
[1.188s] Level 1:colcon.colcon_core.package_identification:_identify(my_turtlebot) by extensions ['colcon_pkg']
[1.188s] Level 1:colcon.colcon_core.package_identification:_identify(my_turtlebot) by extension 'colcon_pkg'
[1.189s] Level 1:colcon.colcon_core.package_identification:_identify(my_turtlebot) by extensions ['colcon_meta']
[1.189s] Level 1:colcon.colcon_core.package_identification:_identify(my_turtlebot) by extension 'colcon_meta'
[1.189s] Level 1:colcon.colcon_core.package_identification:_identify(my_turtlebot) by extensions ['ros']
[1.189s] Level 1:colcon.colcon_core.package_identification:_identify(my_turtlebot) by extension 'ros'
[1.207s] DEBUG:colcon.colcon_core.package_identification:Package 'my_turtlebot' with type 'ros.ament_python' and name 'my_turtlebot'
[1.207s] Level 1:colcon.colcon_core.package_discovery:discover_packages(recursive) using defaults
[1.208s] Level 1:colcon.colcon_core.package_discovery:discover_packages(ignore) discover
[1.208s] Level 1:colcon.colcon_core.package_discovery:discover_packages(ignore) using defaults
[1.208s] Level 1:colcon.colcon_core.package_discovery:discover_packages(path) discover
[1.208s] Level 1:colcon.colcon_core.package_discovery:discover_packages(path) using defaults
[1.321s] Level 1:colcon.colcon_core.package_discovery:discover_packages(prefix_path) check parameters
[1.321s] Level 1:colcon.colcon_core.package_discovery:discover_packages(prefix_path) discover
[1.331s] DEBUG:colcon.colcon_installed_package_information.package_discovery:Found 1 installed packages in /home/aeem/Downloads/robot/install
[1.345s] DEBUG:colcon.colcon_installed_package_information.package_discovery:Found 405 installed packages in /opt/ros/jazzy
[1.352s] Level 1:colcon.colcon_core.package_discovery:discover_packages(prefix_path) using defaults
[1.838s] Level 5:colcon.colcon_core.verb:set package 'my_turtlebot' build argument 'cmake_args' from command line to 'None'
[1.839s] Level 5:colcon.colcon_core.verb:set package 'my_turtlebot' build argument 'cmake_target' from command line to 'None'
[1.839s] Level 5:colcon.colcon_core.verb:set package 'my_turtlebot' build argument 'cmake_target_skip_unavailable' from command line to 'False'
[1.839s] Level 5:colcon.colcon_core.verb:set package 'my_turtlebot' build argument 'cmake_clean_cache' from command line to 'False'
[1.840s] Level 5:colcon.colcon_core.verb:set package 'my_turtlebot' build argument 'cmake_clean_first' from command line to 'False'
[1.840s] Level 5:colcon.colcon_core.verb:set package 'my_turtlebot' build argument 'cmake_force_configure' from command line to 'False'
[1.840s] Level 5:colcon.colcon_core.verb:set package 'my_turtlebot' build argument 'ament_cmake_args' from command line to 'None'
[1.840s] Level 5:colcon.colcon_core.verb:set package 'my_turtlebot' build argument 'catkin_cmake_args' from command line to 'None'
[1.840s] Level 5:colcon.colcon_core.verb:set package 'my_turtlebot' build argument 'catkin_skip_building_tests' from command line to 'False'
[1.841s] DEBUG:colcon.colcon_core.verb:Building package 'my_turtlebot' with the following arguments: {'ament_cmake_args': None, 'build_base': '/home/aeem/Downloads/robot/build/my_turtlebot', 'catkin_cmake_args': None, 'catkin_skip_building_tests': False, 'cmake_args': None, 'cmake_clean_cache': False, 'cmake_clean_first': False, 'cmake_force_configure': False, 'cmake_target': None, 'cmake_target_skip_unavailable': False, 'install_base': '/home/aeem/Downloads/robot/install/my_turtlebot', 'merge_install': False, 'path': '/home/aeem/Downloads/robot/my_turtlebot', 'symlink_install': False, 'test_result_base': None}
[1.842s] INFO:colcon.colcon_core.executor:Executing jobs using 'parallel' executor
[1.847s] DEBUG:colcon.colcon_parallel_executor.executor.parallel:run_until_complete
[1.850s] INFO:colcon.colcon_ros.task.ament_python.build:Building ROS package in '/home/aeem/Downloads/robot/my_turtlebot' with build type 'ament_python'
[1.851s] Level 1:colcon.colcon_core.shell:create_environment_hook('my_turtlebot', 'ament_prefix_path')
[1.867s] INFO:colcon.colcon_core.plugin_system:Skipping extension 'colcon_core.shell.bat': Not used on non-Windows systems
[1.868s] INFO:colcon.colcon_core.shell:Creating environment hook '/home/aeem/Downloads/robot/install/my_turtlebot/share/my_turtlebot/hook/ament_prefix_path.ps1'
[1.873s] INFO:colcon.colcon_core.shell:Creating environment descriptor '/home/aeem/Downloads/robot/install/my_turtlebot/share/my_turtlebot/hook/ament_prefix_path.dsv'
[1.876s] INFO:colcon.colcon_core.shell:Creating environment hook '/home/aeem/Downloads/robot/install/my_turtlebot/share/my_turtlebot/hook/ament_prefix_path.sh'
[1.881s] INFO:colcon.colcon_core.shell:Skip shell extension 'powershell' for command environment: Not usable outside of PowerShell
[1.882s] DEBUG:colcon.colcon_core.shell:Skip shell extension 'dsv' for command environment
[3.639s] WARNING:colcon.colcon_ros.task.ament_python.build:Package 'my_turtlebot' doesn't explicitly install a marker in the package index (colcon-ros currently does it implicitly but that fallback will be removed in the future)
[3.640s] INFO:colcon.colcon_core.task.python.build:Building Python package in '/home/aeem/Downloads/robot/my_turtlebot'
[3.641s] INFO:colcon.colcon_core.shell:Skip shell extension 'powershell' for command environment: Not usable outside of PowerShell
[3.641s] DEBUG:colcon.colcon_core.shell:Skip shell extension 'dsv' for command environment
[8.862s] DEBUG:colcon.colcon_core.event_handler.log_command:Invoking command in '/home/aeem/Downloads/robot/my_turtlebot': DEBUGINFOD_URLS=https://debuginfod.ubuntu.com PYTHONPATH=/home/aeem/Downloads/robot/build/my_turtlebot/prefix_override:/usr/lib/python3/dist-packages/colcon_core/task/python/colcon_distutils_commands:/home/aeem/Downloads/robot/install/my_turtlebot/lib/python3.12/site-packages:${PYTHONPATH} /usr/bin/python3 -W ignore:setup.py install is deprecated -W ignore:easy_install command is deprecated setup.py egg_info --egg-base ../build/my_turtlebot build --build-base /home/aeem/Downloads/robot/build/my_turtlebot/build install --record /home/aeem/Downloads/robot/build/my_turtlebot/install.log --single-version-externally-managed install_data
[13.978s] DEBUG:colcon.colcon_core.event_handler.log_command:Invoked command in '/home/aeem/Downloads/robot/my_turtlebot' returned '0': DEBUGINFOD_URLS=https://debuginfod.ubuntu.com PYTHONPATH=/home/aeem/Downloads/robot/build/my_turtlebot/prefix_override:/usr/lib/python3/dist-packages/colcon_core/task/python/colcon_distutils_commands:/home/aeem/Downloads/robot/install/my_turtlebot/lib/python3.12/site-packages:${PYTHONPATH} /usr/bin/python3 -W ignore:setup.py install is deprecated -W ignore:easy_install command is deprecated setup.py egg_info --egg-base ../build/my_turtlebot build --build-base /home/aeem/Downloads/robot/build/my_turtlebot/build install --record /home/aeem/Downloads/robot/build/my_turtlebot/install.log --single-version-externally-managed install_data
[14.018s] Level 1:colcon.colcon_core.environment:checking '/home/aeem/Downloads/robot/install/my_turtlebot' for CMake module files
[14.036s] Level 1:colcon.colcon_core.environment:checking '/home/aeem/Downloads/robot/install/my_turtlebot' for CMake config files
[14.055s] Level 1:colcon.colcon_core.environment:checking '/home/aeem/Downloads/robot/install/my_turtlebot/lib'
[14.057s] Level 1:colcon.colcon_core.environment:checking '/home/aeem/Downloads/robot/install/my_turtlebot/bin'
[14.064s] Level 1:colcon.colcon_core.environment:checking '/home/aeem/Downloads/robot/install/my_turtlebot/lib/pkgconfig/my_turtlebot.pc'
[14.065s] Level 1:colcon.colcon_core.environment:checking '/home/aeem/Downloads/robot/install/my_turtlebot/lib/python3.12/site-packages'
[14.066s] Level 1:colcon.colcon_core.shell:create_environment_hook('my_turtlebot', 'pythonpath')
[14.075s] INFO:colcon.colcon_core.shell:Creating environment hook '/home/aeem/Downloads/robot/install/my_turtlebot/share/my_turtlebot/hook/pythonpath.ps1'
[14.085s] INFO:colcon.colcon_core.shell:Creating environment descriptor '/home/aeem/Downloads/robot/install/my_turtlebot/share/my_turtlebot/hook/pythonpath.dsv'
[14.087s] INFO:colcon.colcon_core.shell:Creating environment hook '/home/aeem/Downloads/robot/install/my_turtlebot/share/my_turtlebot/hook/pythonpath.sh'
[14.104s] Level 1:colcon.colcon_core.environment:checking '/home/aeem/Downloads/robot/install/my_turtlebot/bin'
[14.105s] Level 1:colcon.colcon_core.environment:create_environment_scripts_only(my_turtlebot)
[14.107s] INFO:colcon.colcon_core.shell:Creating package script '/home/aeem/Downloads/robot/install/my_turtlebot/share/my_turtlebot/package.ps1'
[14.127s] INFO:colcon.colcon_core.shell:Creating package descriptor '/home/aeem/Downloads/robot/install/my_turtlebot/share/my_turtlebot/package.dsv'
[14.139s] INFO:colcon.colcon_core.shell:Creating package script '/home/aeem/Downloads/robot/install/my_turtlebot/share/my_turtlebot/package.sh'
[14.153s] INFO:colcon.colcon_core.shell:Creating package script '/home/aeem/Downloads/robot/install/my_turtlebot/share/my_turtlebot/package.bash'
[14.159s] INFO:colcon.colcon_core.shell:Creating package script '/home/aeem/Downloads/robot/install/my_turtlebot/share/my_turtlebot/package.zsh'
[14.170s] Level 1:colcon.colcon_core.environment:create_file_with_runtime_dependencies(/home/aeem/Downloads/robot/install/my_turtlebot/share/colcon-core/packages/my_turtlebot)
[14.177s] DEBUG:colcon.colcon_parallel_executor.executor.parallel:closing loop
[14.184s] DEBUG:colcon.colcon_parallel_executor.executor.parallel:loop closed
[14.184s] DEBUG:colcon.colcon_parallel_executor.executor.parallel:run_until_complete finished with '0'
[14.185s] DEBUG:colcon.colcon_core.event_reactor:joining thread
[14.235s] INFO:colcon.colcon_core.plugin_system:Skipping extension 'colcon_notification.desktop_notification.terminal_notifier': Not used on non-Darwin systems
[14.236s] INFO:colcon.colcon_core.plugin_system:Skipping extension 'colcon_notification.desktop_notification.win32': Not used on non-Windows systems
[14.236s] INFO:colcon.colcon_notification.desktop_notification:Sending desktop notification using 'notify2'
[14.344s] DEBUG:colcon.colcon_core.event_reactor:joined thread
[14.347s] INFO:colcon.colcon_core.shell:Creating prefix script '/home/aeem/Downloads/robot/install/local_setup.ps1'
[14.357s] INFO:colcon.colcon_core.shell:Creating prefix util module '/home/aeem/Downloads/robot/install/_local_setup_util_ps1.py'
[14.376s] INFO:colcon.colcon_core.shell:Creating prefix chain script '/home/aeem/Downloads/robot/install/setup.ps1'
[14.385s] INFO:colcon.colcon_core.shell:Creating prefix script '/home/aeem/Downloads/robot/install/local_setup.sh'
[14.390s] INFO:colcon.colcon_core.shell:Creating prefix util module '/home/aeem/Downloads/robot/install/_local_setup_util_sh.py'
[14.395s] INFO:colcon.colcon_core.shell:Creating prefix chain script '/home/aeem/Downloads/robot/install/setup.sh'
[14.403s] INFO:colcon.colcon_core.shell:Creating prefix script '/home/aeem/Downloads/robot/install/local_setup.bash'
[14.407s] INFO:colcon.colcon_core.shell:Creating prefix chain script '/home/aeem/Downloads/robot/install/setup.bash'
[14.415s] INFO:colcon.colcon_core.shell:Creating prefix script '/home/aeem/Downloads/robot/install/local_setup.zsh'
[14.420s] INFO:colcon.colcon_core.shell:Creating prefix chain script '/home/aeem/Downloads/robot/install/setup.zsh'
